Case #1:
1000000000000001 3 2 33025 2 7 2 3 2 35109767
1000000000000101 13 5197 3 4751 752237 3 53 109 44244113
1000000000000111 3 2 5 2 7 2 3 2 11
1000000000001001 73 3791 45771 19 19 2292891 5 16821263 3
1000000000001101 223 2 33545 2 814849 2 7232899 2 11
1000000000010011 3 2 5 2 7 2 6607539 2 7
1000000000011001 3 2 5 2 826189 2 7673199 2 42316423
1000000000011011 5 1567 15559 6197 5 2463917 1031 7 83
1000000000011111 3 2 42345 2 7 2 3 2 3
1000000000100101 243 2 5 2 7 2 6363765 2 7
1000000000101011 3 3941 13 3 5 43 7995963 73 7
1000000000101111 5 2 3 2 37 2 5 2 37835817
1000000000110001 3 2 5 2 7 2 3 2 36187663
1000000000110101 23 17 11 23 950147 299699 43 239 59
1000000000110111 3 2 34125 2 752083 2 6114063 2 3
1000000000111011 17 2 40563 2 73 2 7157459 2 32849723
1000000000111101 3 2 3 2 704263 2 3 2 41654481
1000000001000011 199 2 44015 2 7 2 6164213 2 11
1000000001001001 3 2 5 2 7 2 7495671 2 7
1000000001001111 3 2 3 2 7 2 3 2 3
1000000001010101 233 7 13 3 5 2981749 3 53 32346593
1000000001010111 5 2 3 2 37 2 5 2 3
1000000001011001 11 5 281 101 5 67 8340721 13 19
1000000001011011 3 2 43131 2 7 2 7966377 2 3
1000000001011101 17 2 3 2 1297 2 6626719 2 3
1000000001011111 59 113 7 157 19 1399 6198143 43 107
1000000001100001 3 2 5 2 7 2 3 2 11
1000000001100011 23 19 11 105491 5 47 11117 1787 127
1000000001100111 3 2 44985 2 7 2 3 2 3
1000000001101011 5 2 3 2 37 2 6014983 2 3
1000000001101101 3 2 39195 2 7 2 8370099 2 33986667
1000000001110011 3 2 43943 2 783839 2 3 2 3
1000000001110101 5 2 3 2 37 2 5 2 3
1000000001111001 3 2 3 2 7 2 5939631 2 3
1000000001111011 31 557 7 19 23 2640731 7 5441 37981841
1000000001111101 7 19 44831 17 55987 23 7 15913871 34444441
1000000001111111 215 2 43979 2 7 2 5983575 2 7
1000000010000011 197 2 11 2 58427 2 23 2 839
1000000010000101 3 2 5 2 7 2 6897489 2 11
1000000010001001 5 2 7 2 1933 2 29 2 157
1000000010010001 207 2 5 2 7 2 3 2 7
1000000010010111 3 2 3 2 718963 2 3 2 3
1000000010011001 7 1667 179 13 5 2207843 23 7 311
1000000010011011 11 2 46209 2 771619 2 47 2 3
1000000010011101 3 2 34605 2 871703 2 7613673 2 3
1000000010100011 3 1259 421 3 5 8893 3 67 17
1000000010100111 5 2 3 2 37 2 5 2 3
1000000010101001 3 4655 13 3 5 43 3 15230483 35426209
1000000010110011 47 2 3 2 11 2 204311 2 3
1000000010110101 3 2 35679 2 781697 2 3 2 33047769
