Case #1: [0, 1, 2]
Case #2: [2, 4, 6, 8]
Case #3: [1, 1, 4]
Case #4: [3]
Case #5: [0, 2, 4, 6, 6]
Case #6: [0, 0]
Case #7: [8]
Case #8: [6, 6, 9, 9]
Case #9: [2, 3, 3, 3]
Case #10: [3, 5]
Case #11: [1, 1, 1, 1, 2, 2]
Case #12: [2]
Case #13: [1, 1, 1, 9, 9]
Case #14: [0, 0, 0, 0, 1]
Case #15: [1, 4, 8]
Case #16: [1, 4, 4, 7]
Case #17: [1, 1, 1, 1, 1, 1]
Case #18: [7]
Case #19: [0, 1]
Case #20: [4, 6, 7]
Case #21: [9, 9]
Case #22: [1, 1, 1, 1, 9]
Case #23: [1, 1, 2, 2, 5, 5]
Case #24: [1, 1, 2, 2, 2, 2]
Case #25: [1, 2, 2, 2, 2, 2]
Case #26: [1, 1, 7, 9]
Case #27: [7]
Case #28: [5, 7]
Case #29: [3]
Case #30: [1, 3, 4, 8]
Case #31: [3, 8]
Case #32: [0, 2, 4, 6, 9]
Case #33: [5, 6, 9]
Case #34: [1, 4, 9]
Case #35: [5]
Case #36: [1, 2, 5, 6, 6]
Case #37: [0, 1, 3, 4, 6]
Case #38: [0]
Case #39: [8]
Case #40: [4, 5, 6, 7]
Case #41: [4, 5]
Case #42: [4, 5, 6, 7]
Case #43: [1, 1, 1, 1, 1]
Case #44: [0, 1, 8]
Case #45: [4]
Case #46: [1, 1, 7, 8]
Case #47: [8]
Case #48: [1, 7, 7, 9]
Case #49: [0, 0, 0, 0, 0]
Case #50: [1, 5, 7, 9]
Case #51: [0, 6]
Case #52: [0, 1, 4, 5]
Case #53: [4, 8]
Case #54: [9, 9, 9, 9, 9]
Case #55: [2, 4]
Case #56: [4, 9]
Case #57: [0, 2, 6, 7, 7]
Case #58: [1, 9, 9, 9, 9]
Case #59: [1]
Case #60: [0, 3, 4, 9]
Case #61: [1, 4, 4]
Case #62: [2, 5, 7, 8]
Case #63: [4, 5, 6, 8]
Case #64: [1, 1, 1, 1, 1, 2]
Case #65: [8, 9, 9]
Case #66: [4, 9]
Case #67: [1, 2]
Case #68: [2, 8]
Case #69: [2, 2, 2, 2, 2, 2]
Case #70: [4, 8]
Case #71: [0, 3]
Case #72: [1, 1, 6, 6]
Case #73: [3, 4, 9, 9]
Case #74: [5, 6, 7, 9]
Case #75: [1, 1, 6, 9]
Case #76: [1, 1, 1, 2, 2, 7]
Case #77: [2, 4, 8]
Case #78: [3, 4, 6]
Case #79: [0, 3, 6]
Case #80: [1, 5]
Case #81: [8]
Case #82: [1, 5, 6, 7]
Case #83: [5, 9]
Case #84: [3, 5, 6]
Case #85: [6]
Case #86: [0]
Case #87: [0, 0, 1, 1, 9]
Case #88: [1, 2, 3, 7, 9]
Case #89: [1, 1, 6]
Case #90: [1, 6]
Case #91: [1, 7, 9, 9]
Case #92: [5, 6, 7, 9]
Case #93: [1, 1, 9, 9, 9]
Case #94: [1, 7, 7, 9]
Case #95: [0, 1, 5, 7, 9]
Case #96: [1, 1, 1, 2, 2, 2]
Case #97: [0]
Case #98: [0, 5, 6, 9, 9]
Case #99: [9]
Case #100: [0, 5]
